<?xml version="1.0" encoding="UTF-8"?>
<!-- Generated by org.testng.reporters.JUnitReportReporter -->
<testsuite skipped="0" hostname="LAPTOP-BVL5FAK0" name="Demo_test.Test2" tests="4" failures="0" timestamp="2021-04-20T16:11:58 IST" time="0.001" errors="0">
  <testcase name="sum" time="0.000" classname="Demo_test.Test2"/>
  <system-out/>
  <testcase name="Div" time="0.001" classname="Demo_test.Test2"/>
  <system-out/>
  <testcase name="mul" time="0.000" classname="Demo_test.Test2"/>
  <system-out/>
  <testcase name="sub" time="0.000" classname="Demo_test.Test2"/>
  <system-out/>
</testsuite> <!-- Demo_test.Test2 -->
