<?xml version="1.0" encoding="UTF-8"?>
<!-- Generated by org.testng.reporters.JUnitReportReporter -->
<testsuite skipped="0" hostname="LAPTOP-BVL5FAK0" name="Demo_test.Test3" tests="1" failures="0" timestamp="2021-04-20T16:11:58 IST" time="8.934" errors="0">
  <testcase name="openurl" time="8.934" classname="Demo_test.Test3"/>
  <system-out/>
</testsuite> <!-- Demo_test.Test3 -->
